<?xml version="1.0" encoding="UTF-8"?>
<!-- Generated by org.testng.reporters.JUnitXMLReporter -->
<testsuite hostname="DESKTOP-6VUTV55" ignored="1" name="cloan" tests="2" failures="0" timestamp="04 Mar 2019 17:31:10 GMT" time="0.045" errors="0">
  <testcase name="apicloan" time="0.0" classname="practice.Prac3"/>
  <testcase name="webcloan" time="0.016" classname="practice.Prac3"/>
  <testcase name="mobilecloan" time="0.0" classname="practice.Prac3">
    <ignored/>
  </testcase> <!-- mobilecloan -->
</testsuite> <!-- cloan -->
