<?xml version="1.0" encoding="UTF-8"?>
<!-- Generated by org.testng.reporters.JUnitXMLReporter -->
<testsuite hostname="DESKTOP-6VUTV55" ignored="1" name="Hloan" tests="2" failures="0" timestamp="04 Mar 2019 17:31:10 GMT" time="0.125" errors="0">
  <testcase name="webhloan" time="0.094" classname="practice.Prac4"/>
  <testcase name="apihloan" time="0.015" classname="practice.Prac4"/>
  <testcase name="mobilehloan" time="0.0" classname="practice.Prac4">
    <ignored/>
  </testcase> <!-- mobilehloan -->
</testsuite> <!-- Hloan -->
