<?xml version="1.0" encoding="UTF-8"?>
<!-- Generated by org.testng.reporters.JUnitXMLReporter -->
<testsuite hostname="DESKTOP-6VUTV55" ignored="1" name="ploan" tests="4" failures="0" timestamp="04 Mar 2019 17:31:10 GMT" time="0.113" errors="0">
  <testcase name="speed" time="0.016" classname="practice.prac"/>
  <testcase name="test" time="0.019" classname="practice.prac"/>
  <testcase name="mobileploan" time="0.0" classname="practice.prac2"/>
  <testcase name="webploan" time="0.016" classname="practice.prac2"/>
  <testcase name="apiploan" time="0.0" classname="practice.prac2">
    <ignored/>
  </testcase> <!-- apiploan -->
</testsuite> <!-- ploan -->
