<?xml version="1.0" encoding="UTF-8"?>
<testng-results skipped="0" failed="0" ignored="0" total="1" passed="1">
  <reporter-output>
  </reporter-output>
  <suite name="Default suite" duration-ms="50287" started-at="2019-03-23T12:38:57Z" finished-at="2019-03-23T12:39:48Z">
    <groups>
    </groups>
    <test name="Default test" duration-ms="50287" started-at="2019-03-23T12:38:57Z" finished-at="2019-03-23T12:39:48Z">
      <class name="testcases.AppLogin">
        <test-method status="PASS" signature="login()[pri:0, instance:testcases.AppLogin@5d5eef3d]" name="login" duration-ms="50217" started-at="2019-03-23T12:38:57Z" finished-at="2019-03-23T12:39:48Z">
          <reporter-output>
          </reporter-output>
        </test-method> <!-- login -->
      </class> <!-- testcases.AppLogin -->
    </test> <!-- Default test -->
  </suite> <!-- Default suite -->
</testng-results>
