<?xml version="1.0" encoding="UTF-8"?>
<!-- Generated by org.testng.reporters.JUnitXMLReporter -->
<testsuite hostname="DESKTOP-6VUTV55" name="ploan" tests="9" failures="0" timestamp="25 Feb 2019 16:46:05 GMT" time="0.222" errors="0">
  <testcase name="demo" time="0.036" classname="testngprac.Prac"/>
  <testcase name="speed" time="0.015" classname="testngprac.Prac"/>
  <testcase name="metal" time="0.0" classname="testngprac.Prac2"/>
  <testcase name="loginapicarloan" time="0.016" classname="testngprac.Prac3"/>
  <testcase name="mobilesignincarloan" time="0.0" classname="testngprac.Prac3"/>
  <testcase name="mobilesignoutcarloan" time="0.032" classname="testngprac.Prac3"/>
  <testcase name="homecarloan" time="0.0" classname="testngprac.Prac4"/>
  <testcase name="loginapihomeloan" time="0.0" classname="testngprac.Prac4"/>
  <testcase name="mobilehomeloan" time="0.0" classname="testngprac.Prac4"/>
</testsuite> <!-- ploan -->
